<?xml version="1.0" encoding="UTF-8"?>
<testsuite xmlns:xsi="http://www.w3.org/2001/XMLSchema-instance" xsi:noNamespaceSchemaLocation="https://maven.apache.org/surefire/maven-surefire-plugin/xsd/surefire-test-report-3.0.xsd" version="3.0" name="com.example.demo.Springboot2Junit5ExampleApplicationTests" time="3.22" tests="1" errors="0" skipped="0" failures="1">
  <properties>
[...]
</properties>
  <testcase name="testMessage" classname="com.example.demo.Springboot2Junit5ExampleApplicationTests" time="1.03">
    <failure message="expected: &lt;Hello World&gt; but was: &lt;{&quot;timestamp&quot;:&quot;2024-05-17T07:18:40.391+00:00&quot;,&quot;status&quot;:404,&quot;error&quot;:&quot;Not Found&quot;,&quot;path&quot;:&quot;/getthis&quot;}&gt;" type="org.opentest4j.AssertionFailedError"><![CDATA[org.opentest4j.AssertionFailedError: expected: <Hello World> but was: <{"timestamp":"2024-05-17T07:18:40.391+00:00","status":404,"error":"Not Found","path":"/getthis"}>
	at org.junit.jupiter.api.AssertionFailureBuilder.build(AssertionFailureBuilder.java:151)
	at org.junit.jupiter.api.AssertionFailureBuilder.buildAndThrow(AssertionFailureBuilder.java:132)
	at org.junit.jupiter.api.AssertEquals.failNotEqual(AssertEquals.java:197)
	at org.junit.jupiter.api.AssertEquals.assertEquals(AssertEquals.java:182)
	at org.junit.jupiter.api.AssertEquals.assertEquals(AssertEquals.java:177)
	at org.junit.jupiter.api.Assertions.assertEquals(Assertions.java:1145)
	at com.example.demo.Springboot2Junit5ExampleApplicationTests.testMessage(DemoApplicationTests.java:24)
	at java.base/java.lang.reflect.Method.invoke(Method.java:568)
	at java.base/java.util.ArrayList.forEach(ArrayList.java:1511)
	at java.base/java.util.ArrayList.forEach(ArrayList.java:1511)
]]></failure>
    <system-out><![CDATA[12:48:37.410 [main] INFO org.springframework.test.context.support.AnnotationConfigContextLoaderUtils -- Could not detect default configuration classes for test class [com.example.demo.Springboot2Junit5ExampleApplicationTests]: Springboot2Junit5ExampleApplicationTests does not declare any static, non-private, non-final, nested classes annotated with @Configuration.
12:48:37.510 [main] INFO org.springframework.boot.test.context.SpringBootTestContextBootstrapper -- Found @SpringBootConfiguration com.example.demo.DemoApplication for test class com.example.demo.Springboot2Junit5ExampleApplicationTests
12:48:37.659 [main] INFO org.springframework.boot.devtools.restart.RestartApplicationListener -- Restart disabled due to context in which it is running

  .   ____          _            __ _ _
 /\\ / ___'_ __ _ _(_)_ __  __ _ \ \ \ \
( ( )\___ | '_ | '_| | '_ \/ _` | \ \ \ \
 \\/  ___)| |_)| | | | | || (_| |  ) ) ) )
  '  |____| .__|_| |_|_| |_\__, | / / / /
 =========|_|==============|___/=/_/_/_/
 :: Spring Boot ::                (v3.2.4)

2024-05-17T12:48:37.924+05:30  INFO 2760 --- [demo] [           main] Springboot2Junit5ExampleApplicationTests : Starting Springboot2Junit5ExampleApplicationTests using Java 17.0.10 with PID 2760 (started by sandy in C:\Users\sandy\Documents\workspace-spring-tool-suite-4-4.21.1.RELEASE\demo)
2024-05-17T12:48:37.925+05:30  INFO 2760 --- [demo] [           main] Springboot2Junit5ExampleApplicationTests : No active profile set, falling back to 1 default profile: "default"
2024-05-17T12:48:38.925+05:30  INFO 2760 --- [demo] [           main] o.s.b.w.embedded.tomcat.TomcatWebServer  : Tomcat initialized with port 0 (http)
2024-05-17T12:48:38.935+05:30  INFO 2760 --- [demo] [           main] o.apache.catalina.core.StandardService   : Starting service [Tomcat]
2024-05-17T12:48:38.936+05:30  INFO 2760 --- [demo] [           main] o.apache.catalina.core.StandardEngine    : Starting Servlet engine: [Apache Tomcat/10.1.19]
2024-05-17T12:48:38.995+05:30  INFO 2760 --- [demo] [           main] o.a.c.c.C.[Tomcat].[localhost].[/]       : Initializing Spring embedded WebApplicationContext
2024-05-17T12:48:38.997+05:30  INFO 2760 --- [demo] [           main] w.s.c.ServletWebServerApplicationContext : Root WebApplicationContext: initialization completed in 1049 ms
2024-05-17T12:48:39.422+05:30  INFO 2760 --- [demo] [           main] o.s.b.w.embedded.tomcat.TomcatWebServer  : Tomcat started on port 55699 (http) with context path ''
2024-05-17T12:48:39.430+05:30  INFO 2760 --- [demo] [           main] Springboot2Junit5ExampleApplicationTests : Started Springboot2Junit5ExampleApplicationTests in 1.781 seconds (process running for 2.683)
2024-05-17T12:48:40.321+05:30  INFO 2760 --- [demo] [1-auto-1-exec-1] o.a.c.c.C.[Tomcat].[localhost].[/]       : Initializing Spring DispatcherServlet 'dispatcherServlet'
2024-05-17T12:48:40.322+05:30  INFO 2760 --- [demo] [1-auto-1-exec-1] o.s.web.servlet.DispatcherServlet        : Initializing Servlet 'dispatcherServlet'
2024-05-17T12:48:40.323+05:30  INFO 2760 --- [demo] [1-auto-1-exec-1] o.s.web.servlet.DispatcherServlet        : Completed initialization in 0 ms
]]></system-out>
  </testcase>
</testsuite>